<?xml version="1.0" encoding="UTF-8"?>
<!--

    Cloud Foundry 2012.02.03 Beta
    Copyright (c) [2009-2012] VMware, Inc. All Rights Reserved.

    This product is licensed to you under the Apache License, Version 2.0 (the "License").
    You may not use this product except in compliance with the License.

    This product includes a number of subcomponents with
    separate copyright notices and license terms. Your use of these
    subcomponents is subject to the terms and conditions of the
    subcomponent's license, as noted in the LICENSE file.

-->
<beans xmlns="http://www.springframework.org/schema/beans" xmlns:xsi="http://www.w3.org/2001/XMLSchema-instance"
	xmlns:context="http://www.springframework.org/schema/context" xmlns:jdbc="http://www.springframework.org/schema/jdbc"
	xmlns:sec="http://www.springframework.org/schema/security"
	xsi:schemaLocation="http://www.springframework.org/schema/jdbc http://www.springframework.org/schema/jdbc/spring-jdbc-3.1.xsd
		http://www.springframework.org/schema/beans http://www.springframework.org/schema/beans/spring-beans.xsd
		http://www.springframework.org/schema/context http://www.springframework.org/schema/context/spring-context-3.1.xsd
		http://www.springframework.org/schema/security http://www.springframework.org/schema/security/spring-security-3.1.xsd">
		
	<bean id="dataSource" class="org.apache.commons.dbcp.BasicDataSource" destroy-method="close">
		<property name="driverClassName" value="${database.driverClassName:org.hsqldb.jdbcDriver}" />
		<property name="url" value="${database.url:jdbc:hsqldb:mem:jdbcUaaTests}" />
		<property name="username" value="${database.username:sa}" />
		<property name="password" value="${database.password:}" />
	</bean>

	<bean id="jdbcTemplate" class="org.springframework.jdbc.core.JdbcTemplate">
		<property name="dataSource" ref="dataSource" />
	</bean>

    <bean id="scriptsversion" class="java.lang.String">
        <constructor-arg value="1.5.2" />
    </bean>

    <bean id="scripts" class="java.lang.String">
        <constructor-arg ref="platform" />
    </bean>

    <bean id="flyway" class="com.googlecode.flyway.core.Flyway" init-method="migrate">
        <property name="initOnMigrate" value="true"/>
        <property name="dataSource" ref="dataSource"/>
        <property name="locations" value="classpath:org/cloudfoundry/identity/uaa/db/#{@scripts}/"/>
        <property name="initVersion" value="#{@scriptsversion}"/>
    </bean>

	<beans profile="default,hsqldb">
		<context:property-placeholder location="hsqldb.properties"/>
		<bean id="platform" class="java.lang.String">
			<constructor-arg value="hsqldb" />
		</bean>
		<bean id="limitSqlAdapter" class="org.cloudfoundry.identity.uaa.rest.jdbc.DefaultLimitSqlAdapter"/>
	</beans>

	<beans profile="postgresql">
		<context:property-placeholder location="${POSTGRESQL_PROPERTIES:postgresql.properties}"/>
		<bean id="platform" class="java.lang.String">
			<constructor-arg value="postgresql" />
		</bean>
		<bean id="limitSqlAdapter" class="org.cloudfoundry.identity.uaa.rest.jdbc.DefaultLimitSqlAdapter"/>
	</beans>
	
   <beans profile="mysql">
        <context:property-placeholder location="${MYSQL_PROPERTIES:mysql.properties}"/>
        <bean id="platform" class="java.lang.String">
            <constructor-arg value="mysql" />
        </bean>
        <bean id="limitSqlAdapter" class="org.cloudfoundry.identity.uaa.rest.jdbc.DefaultLimitSqlAdapter"/>
    </beans>

   <beans profile="oracle">
        <context:property-placeholder location="${ORACLE_PROPERTIES:oracle.properties}"/>
        <bean id="platform" class="java.lang.String">
            <constructor-arg value="oracle" />
        </bean>
        <bean id="limitSqlAdapter" class="org.cloudfoundry.identity.uaa.rest.jdbc.OracleLimitSqlAdapter"/>
    </beans>
    
    <beans profile="ldap">
        <sec:ldap-server ldif="classpath:ldap_init.ldif" root="dc=test,dc=com" manager-dn="cn=admin,ou=Users,dc=test,dc=com" manager-password="password"/>
       
        <bean id="userDatabase" class="org.cloudfoundry.identity.uaa.user.LdapUaaUserDatabase">
           <constructor-arg ref="ldapTemplate" />
        </bean>
        
        <bean id="contextSource" class="org.springframework.ldap.core.support.LdapContextSource">
          <property name="url" value="${ldap.url}" />
          <property name="base" value="${ldap.baseDN}" />
          <property name="userDn" value="${ldap.userDN}" />
          <property name="password" value="${ldap.userPassword}" />
          <property name="baseEnvironmentProperties">
            <map>
                <entry key="com.sun.jndi.ldap.connect.timeout" value="${ldap.server_connection_timeout_msec:10000}" />
            </map>
           </property>
       </bean>
    
       <bean id="ldapTemplate" class="org.springframework.ldap.core.LdapTemplate">
          <constructor-arg ref="contextSource" />
       </bean>
        
    </beans>

</beans>
